time=2025-10-21T16:09:09.466+08:00 level=ERROR msg="Invalid JSON" op=handlers.executor.SaveWorkersOperation error=EOF
time=2025-10-23T13:08:57.472+08:00 level=ERROR msg="failed start server " !BADKEY="listen tcp 127.0.0.1:8080: bind: Only one usage of each socket address (protocol/network address/port) is normally permitted."
time=2025-10-23T13:08:57.472+08:00 level=ERROR msg="server stopped"
time=2025-10-23T15:05:09.393+08:00 level=ERROR msg="Ошибка при получении заказов" op=handlers.order-norm.get.GetNormOrders error="storage.mysql.GetNormOrders: выполнение запроса: Error 1054 (42S22): Unknown column 'coun' in 'field list'"
time=2025-10-23T15:09:37.814+08:00 level=ERROR msg="Ошибка при получении заказов из дема" op=handler.orders.orders.GetOrdersFilter request_id=bit3/nQ2aCY5zBU-000001 op=handler.orders.orders.GetOrdersFilter error="storage.order-dem-details.GetOrdersMonth.sql: Error 1054 (42S22): Unknown column 'ms_not' in 'field list'"
time=2025-10-23T15:09:39.643+08:00 level=ERROR msg="Ошибка при получении заказов из дема" op=handler.orders.orders.GetOrdersFilter request_id=bit3/nQ2aCY5zBU-000002 op=handler.orders.orders.GetOrdersFilter error="storage.order-dem-details.GetOrdersMonth.sql: Error 1054 (42S22): Unknown column 'ms_not' in 'field list'"
time=2025-10-23T15:09:41.522+08:00 level=ERROR msg="Ошибка при получении заказов из дема" op=handler.orders.orders.GetOrdersFilter request_id=bit3/nQ2aCY5zBU-000003 op=handler.orders.orders.GetOrdersFilter error="storage.order-dem-details.GetOrdersMonth.sql: Error 1054 (42S22): Unknown column 'ms_not' in 'field list'"
time=2025-10-23T15:09:43.426+08:00 level=ERROR msg="Ошибка при получении заказов из дема" op=handler.orders.orders.GetOrdersFilter request_id=bit3/nQ2aCY5zBU-000004 op=handler.orders.orders.GetOrdersFilter error="storage.order-dem-details.GetOrdersMonth.sql: Error 1054 (42S22): Unknown column 'ms_not' in 'field list'"
time=2025-10-23T15:24:27.273+08:00 level=ERROR msg="Ошибка при получении заказов" op=handlers.order-norm.get.GetNormOrders error="storage.mysql.GetNormOrders: выполнение запроса: Error 1054 (42S22): Unknown column 'coun' in 'field list'"
time=2025-10-23T16:19:11.488+08:00 level=ERROR msg="Missing year or month in query parameters" op=handler.orders.orders.GetOrdersFilter request_id=bit3/aOX2EdXKOO-000088
time=2025-10-23T16:19:13.927+08:00 level=ERROR msg="Missing year or month in query parameters" op=handler.orders.orders.GetOrdersFilter request_id=bit3/aOX2EdXKOO-000090
time=2025-10-23T16:19:14.448+08:00 level=ERROR msg="Missing year or month in query parameters" op=handler.orders.orders.GetOrdersFilter request_id=bit3/aOX2EdXKOO-000091
time=2025-10-23T16:19:15.577+08:00 level=ERROR msg="Missing year or month in query parameters" op=handler.orders.orders.GetOrdersFilter request_id=bit3/aOX2EdXKOO-000092
time=2025-10-23T16:19:17.823+08:00 level=ERROR msg="Missing year or month in query parameters" op=handler.orders.orders.GetOrdersFilter request_id=bit3/aOX2EdXKOO-000093
time=2025-10-23T16:19:18.312+08:00 level=ERROR msg="Missing year or month in query parameters" op=handler.orders.orders.GetOrdersFilter request_id=bit3/aOX2EdXKOO-000094
time=2025-10-23T16:52:02.338+08:00 level=ERROR msg="Missing year or month in query parameters" op=handler.orders.orders.GetOrdersFilter request_id=bit3/0GoVtbIs9m-000005
time=2025-10-23T16:52:03.034+08:00 level=ERROR msg="Missing year or month in query parameters" op=handler.orders.orders.GetOrdersFilter request_id=bit3/0GoVtbIs9m-000006
time=2025-10-23T16:52:03.715+08:00 level=ERROR msg="Missing year or month in query parameters" op=handler.orders.orders.GetOrdersFilter request_id=bit3/0GoVtbIs9m-000007
time=2025-10-23T16:52:05.002+08:00 level=ERROR msg="Missing year or month in query parameters" op=handler.orders.orders.GetOrdersFilter request_id=bit3/0GoVtbIs9m-000008
time=2025-10-23T16:52:05.105+08:00 level=ERROR msg="Missing year or month in query parameters" op=handler.orders.orders.GetOrdersFilter request_id=bit3/0GoVtbIs9m-000009
time=2025-10-23T16:52:05.458+08:00 level=ERROR msg="Missing year or month in query parameters" op=handler.orders.orders.GetOrdersFilter request_id=bit3/0GoVtbIs9m-000010
time=2025-10-23T16:52:05.643+08:00 level=ERROR msg="Missing year or month in query parameters" op=handler.orders.orders.GetOrdersFilter request_id=bit3/0GoVtbIs9m-000011
time=2025-10-23T16:52:16.867+08:00 level=ERROR msg="Missing year or month in query parameters" op=handler.orders.orders.GetOrdersFilter request_id=bit3/0GoVtbIs9m-000014
time=2025-10-23T16:52:17.618+08:00 level=ERROR msg="Missing year or month in query parameters" op=handler.orders.orders.GetOrdersFilter request_id=bit3/0GoVtbIs9m-000015
time=2025-10-23T16:52:17.832+08:00 level=ERROR msg="Missing year or month in query parameters" op=handler.orders.orders.GetOrdersFilter request_id=bit3/0GoVtbIs9m-000016
time=2025-10-23T16:53:43.908+08:00 level=ERROR msg="Missing year or month in query parameters" op=handler.orders.orders.GetOrdersFilter request_id=bit3/i1sGDZIfPn-000004
time=2025-10-23T16:53:44.683+08:00 level=ERROR msg="Missing year or month in query parameters" op=handler.orders.orders.GetOrdersFilter request_id=bit3/i1sGDZIfPn-000005
time=2025-10-23T16:54:38.724+08:00 level=ERROR msg="Invalid year" op=handler.orders.orders.GetOrdersFilter request_id=bit3/AcQEdeso5s-000004 error="strconv.Atoi: parsing \"\": invalid syntax"
time=2025-10-23T16:54:39.881+08:00 level=ERROR msg="Invalid year" op=handler.orders.orders.GetOrdersFilter request_id=bit3/AcQEdeso5s-000005 error="strconv.Atoi: parsing \"\": invalid syntax"
time=2025-10-23T16:54:40.626+08:00 level=ERROR msg="Invalid year" op=handler.orders.orders.GetOrdersFilter request_id=bit3/AcQEdeso5s-000006 error="strconv.Atoi: parsing \"\": invalid syntax"
time=2025-10-24T11:14:35.808+08:00 level=ERROR msg="Ошибка при получении нормировок по номеру заказа" op=handlers.order-norm.get.GetNormOrders error="storage.mysql.GetNormOrdersByOrderNum: не найдено нарядов для order_num=Q6-325173: sql: no rows in result set"
time=2025-10-24T11:15:31.783+08:00 level=ERROR msg="Ошибка при получении нормировок по номеру заказа" op=handlers.order-norm.get.GetNormOrders error="storage.mysql.GetNormOrdersByOrderNum: не найдено нарядов для order_num=Q6-325173: sql: no rows in result set"
time=2025-10-24T11:22:22.142+08:00 level=ERROR msg="Ошибка при получении нормировок по номеру заказа" op=handlers.order-norm.get.GetNormOrders error="storage.mysql.GetNormOrdersByOrderNum: не найдено нарядов для order_num=Q6-325173: sql: no rows in result set"
time=2025-10-24T11:23:07.349+08:00 level=ERROR msg="Ошибка при получении нормировок по номеру заказа" op=handlers.order-norm.get.GetNormOrders error="storage.mysql.GetNormOrdersByOrderNum: не найдено нарядов для order_num=Q6-325173: sql: no rows in result set"
time=2025-10-24T11:23:11.622+08:00 level=ERROR msg="Ошибка при получении нормировок по номеру заказа" op=handlers.order-norm.get.GetNormOrders error="storage.mysql.GetNormOrdersByOrderNum: не найдено нарядов для order_num=Q6-325173: sql: no rows in result set"
time=2025-10-24T11:23:12.533+08:00 level=ERROR msg="Ошибка при получении нормировок по номеру заказа" op=handlers.order-norm.get.GetNormOrders error="storage.mysql.GetNormOrdersByOrderNum: не найдено нарядов для order_num=Q6-325173: sql: no rows in result set"
time=2025-10-24T11:23:13.885+08:00 level=ERROR msg="Ошибка при получении нормировок по номеру заказа" op=handlers.order-norm.get.GetNormOrders error="storage.mysql.GetNormOrdersByOrderNum: не найдено нарядов для order_num=Q6-325173: sql: no rows in result set"
time=2025-10-24T11:23:22.918+08:00 level=ERROR msg="Ошибка при получении нормировок по номеру заказа" op=handlers.order-norm.get.GetNormOrders error="storage.mysql.GetNormOrdersByOrderNum: не найдено нарядов для order_num=Q6-325173: sql: no rows in result set"
time=2025-10-24T11:23:40.126+08:00 level=ERROR msg="Ошибка при получении нормировок по номеру заказа" op=handlers.order-norm.get.GetNormOrders error="storage.mysql.GetNormOrdersByOrderNum: не найдено нарядов для order_num=Q6-325173: sql: no rows in result set"
time=2025-10-24T11:24:04.564+08:00 level=ERROR msg="Ошибка при получении нормировок по номеру заказа" op=handlers.order-norm.get.GetNormOrders error="storage.mysql.GetNormOrdersByOrderNum: не найдено нарядов для order_num=Q6-325173: sql: no rows in result set"
time=2025-10-26T14:32:11.295+08:00 level=ERROR msg="Ошибка при получении заказов по номеру заказа" op=handlers.order-norm.get.DoubleReportOrder error="storage.mysql.GetNormOrder: ошибка сканирования: sql: Scan error on column index 4, name \"created_at\": unsupported Scan, storing driver.Value type []uint8 into type *time.Time"
time=2025-10-26T15:22:27.940+08:00 level=ERROR msg="Ошибка при получении заказов по номеру заказа" op=handlers.order-norm.get.DoubleReportOrder error="storage.mysql.GetNormOrder: ошибка выполнения: Error 1052 (23000): Column 'id' in field list is ambiguous"
time=2025-10-26T15:25:02.560+08:00 level=ERROR msg="Ошибка при получении заказов по номеру заказа" op=handlers.order-norm.get.DoubleReportOrder error="storage.mysql.GetNormOrder: ошибка выполнения: Error 1052 (23000): Column 'id' in where clause is ambiguous"
time=2025-10-26T15:26:29.192+08:00 level=ERROR msg="Ошибка при получении заказов по номеру заказа" op=handlers.order-norm.get.DoubleReportOrder error="storage.mysql.GetNormOrder: ошибка сканирования: sql: expected 13 destination arguments in Scan, not 11"
time=2025-10-26T15:33:29.473+08:00 level=ERROR msg="Ошибка при получении заказов по номеру заказа" op=handlers.order-norm.get.DoubleReportOrder error="storage.mysql.GetNormOrder: ошибка сканирования: sql: Scan error on column index 12, name \"head_name\": converting NULL to string is unsupported"
